[2026-01-28 00:00:01] [INFO] ==========================================
[2026-01-28 00:00:01] [INFO] ბექაპი დაიწყო - SanMedic (ტიპი: both)
[2026-01-28 00:00:01] [INFO] ==========================================
[2026-01-28 00:00:01] [INFO] მონაცემთა ბაზის ექსპორტი...
mysqldump: [Warning] Using a password on the command line interface can be insecure.
[2026-01-28 00:00:01] [SUCCESS] მონაცემთა ბაზა ექსპორტირებულია: 3.48 MB
[2026-01-28 00:00:01] [INFO] კოდის არქივირება...
[2026-01-28 00:01:10] [SUCCESS] კოდი არქივირებულია: 3.13 GB
[2026-01-28 00:01:10] [INFO] Uploads არქივირება...
[2026-01-28 00:01:10] [WARN] Uploads დირექტორია არ არსებობს
[2026-01-28 00:01:10] [INFO] Config არქივირება...
[2026-01-28 00:01:10] [SUCCESS] Config არქივირებულია
[2026-01-28 00:01:10] [INFO] საბოლოო არქივის შექმნა: sanmedic_full_backup_2026-01-28.zip
[2026-01-28 00:02:09] [SUCCESS] ბექაპი შეიქმნა: sanmedic_full_backup_2026-01-28.zip (3.13 GB)
[2026-01-28 00:02:09] [INFO] S3-ზე ატვირთვა...
[2026-01-28 00:04:33] [SUCCESS] ბექაპი აიტვირთა S3-ზე!
[2026-01-28 00:04:33] [INFO] დროებითი ფაილები წაიშალა
[2026-01-28 00:04:33] [INFO] ძველი ბექაპების წაშლა...
[2026-01-28 00:04:33] [INFO] ==========================================
[2026-01-28 00:04:33] [SUCCESS] ბექაპი დასრულდა წარმატებით!
[2026-01-28 00:04:33] [INFO] ==========================================
[2026-01-28 00:44:01] [INFO] ==========================================
[2026-01-28 00:44:01] [INFO] ==========================================
[2026-01-28 00:44:01] [INFO] ბექაპი დაიწყო - SanMedic (ტიპი: both)
[2026-01-28 00:44:01] [INFO] ბექაპი დაიწყო - SanMedic (ტიპი: both)
[2026-01-28 00:44:01] [INFO] ==========================================
[2026-01-28 00:44:01] [INFO] ==========================================
[2026-01-28 00:44:01] [INFO] მონაცემთა ბაზის ექსპორტი...
[2026-01-28 00:44:01] [INFO] მონაცემთა ბაზის ექსპორტი...
mysqldump: [Warning] Using a password on the command line interface can be insecure.
[2026-01-28 00:44:01] [SUCCESS] მონაცემთა ბაზა ექსპორტირებულია: 3.48 MB
[2026-01-28 00:44:01] [SUCCESS] მონაცემთა ბაზა ექსპორტირებულია: 3.48 MB
[2026-01-28 00:44:01] [INFO] კოდის არქივირება...
[2026-01-28 00:44:01] [INFO] კოდის არქივირება...
[2026-01-28 00:45:09] [SUCCESS] კოდი არქივირებულია: 3.13 GB
[2026-01-28 00:45:09] [SUCCESS] კოდი არქივირებულია: 3.13 GB
[2026-01-28 00:45:09] [INFO] Uploads არქივირება...
[2026-01-28 00:45:09] [INFO] Uploads არქივირება...
[2026-01-28 00:45:09] [WARN] Uploads დირექტორია არ არსებობს
[2026-01-28 00:45:09] [WARN] Uploads დირექტორია არ არსებობს
[2026-01-28 00:45:09] [INFO] Config არქივირება...
[2026-01-28 00:45:09] [INFO] Config არქივირება...
[2026-01-28 00:45:09] [SUCCESS] Config არქივირებულია
[2026-01-28 00:45:09] [SUCCESS] Config არქივირებულია
[2026-01-28 00:45:09] [INFO] საბოლოო არქივის შექმნა: sanmedic_full_backup_2026-01-28.zip
[2026-01-28 00:45:09] [INFO] საბოლოო არქივის შექმნა: sanmedic_full_backup_2026-01-28.zip
[2026-01-28 00:46:09] [SUCCESS] ბექაპი შეიქმნა: sanmedic_full_backup_2026-01-28.zip (3.13 GB)
[2026-01-28 00:46:09] [SUCCESS] ბექაპი შეიქმნა: sanmedic_full_backup_2026-01-28.zip (3.13 GB)
[2026-01-28 00:46:09] [INFO] S3-ზე ატვირთვა...
[2026-01-28 00:46:09] [INFO] S3-ზე ატვირთვა...
[2026-01-28 00:48:33] [SUCCESS] ბექაპი აიტვირთა S3-ზე!
[2026-01-28 00:48:33] [SUCCESS] ბექაპი აიტვირთა S3-ზე!
[2026-01-28 00:48:34] [INFO] დროებითი ფაილები წაიშალა
[2026-01-28 00:48:34] [INFO] დროებითი ფაილები წაიშალა
[2026-01-28 00:48:34] [INFO] ძველი ბექაპების წაშლა...
[2026-01-28 00:48:34] [INFO] ძველი ბექაპების წაშლა...
[2026-01-28 00:48:34] [INFO] ==========================================
[2026-01-28 00:48:34] [INFO] ==========================================
[2026-01-28 00:48:34] [SUCCESS] ბექაპი დასრულდა წარმატებით!
[2026-01-28 00:48:34] [SUCCESS] ბექაპი დასრულდა წარმატებით!
[2026-01-28 00:48:34] [INFO] ==========================================
[2026-01-28 00:48:34] [INFO] ==========================================
sanmedic_full_backup_2026-01-28.zip
[2026-01-28 00:57:01] [INFO] ==========================================
[2026-01-28 00:57:01] [INFO] ==========================================
[2026-01-28 00:57:01] [INFO] ბექაპი დაიწყო - SanMedic (ტიპი: both)
[2026-01-28 00:57:01] [INFO] ბექაპი დაიწყო - SanMedic (ტიპი: both)
[2026-01-28 00:57:01] [INFO] ==========================================
[2026-01-28 00:57:01] [INFO] ==========================================
[2026-01-28 00:57:01] [INFO] მონაცემთა ბაზის ექსპორტი...
[2026-01-28 00:57:01] [INFO] მონაცემთა ბაზის ექსპორტი...
mysqldump: [Warning] Using a password on the command line interface can be insecure.
[2026-01-28 00:57:01] [SUCCESS] მონაცემთა ბაზა ექსპორტირებულია: 3.48 MB
[2026-01-28 00:57:01] [SUCCESS] მონაცემთა ბაზა ექსპორტირებულია: 3.48 MB
[2026-01-28 00:57:01] [INFO] კოდის არქივირება...
[2026-01-28 00:57:01] [INFO] კოდის არქივირება...
[2026-01-28 00:57:02] [SUCCESS] კოდი არქივირებულია: 26.70 MB
[2026-01-28 00:57:02] [SUCCESS] კოდი არქივირებულია: 26.70 MB
[2026-01-28 00:57:02] [INFO] Uploads არქივირება...
[2026-01-28 00:57:02] [INFO] Uploads არქივირება...
[2026-01-28 00:57:02] [WARN] Uploads დირექტორია არ არსებობს
[2026-01-28 00:57:02] [WARN] Uploads დირექტორია არ არსებობს
[2026-01-28 00:57:02] [INFO] Config არქივირება...
[2026-01-28 00:57:02] [INFO] Config არქივირება...
[2026-01-28 00:57:02] [SUCCESS] Config არქივირებულია
[2026-01-28 00:57:02] [SUCCESS] Config არქივირებულია
[2026-01-28 00:57:02] [INFO] საბოლოო არქივის შექმნა: sanmedic_full_backup_2026-01-28.zip
[2026-01-28 00:57:02] [INFO] საბოლოო არქივის შექმნა: sanmedic_full_backup_2026-01-28.zip
[2026-01-28 00:57:02] [SUCCESS] ბექაპი შეიქმნა: sanmedic_full_backup_2026-01-28.zip (27.07 MB)
[2026-01-28 00:57:02] [SUCCESS] ბექაპი შეიქმნა: sanmedic_full_backup_2026-01-28.zip (27.07 MB)
[2026-01-28 00:57:02] [INFO] S3-ზე ატვირთვა...
[2026-01-28 00:57:02] [INFO] S3-ზე ატვირთვა...
[2026-01-28 00:57:04] [SUCCESS] ბექაპი აიტვირთა S3-ზე!
[2026-01-28 00:57:04] [SUCCESS] ბექაპი აიტვირთა S3-ზე!
[2026-01-28 00:57:04] [INFO] დროებითი ფაილები წაიშალა
[2026-01-28 00:57:04] [INFO] დროებითი ფაილები წაიშალა
[2026-01-28 00:57:04] [INFO] ძველი ბექაპების წაშლა...
[2026-01-28 00:57:04] [INFO] ძველი ბექაპების წაშლა...
[2026-01-28 00:57:04] [INFO] ==========================================
[2026-01-28 00:57:04] [INFO] ==========================================
[2026-01-28 00:57:04] [SUCCESS] ბექაპი დასრულდა წარმატებით!
[2026-01-28 00:57:04] [SUCCESS] ბექაპი დასრულდა წარმატებით!
[2026-01-28 00:57:04] [INFO] ==========================================
[2026-01-28 00:57:04] [INFO] ==========================================
sanmedic_full_backup_2026-01-28.zip
[2026-01-28 00:59:01] [INFO] ==========================================
[2026-01-28 00:59:01] [INFO] ==========================================
[2026-01-28 00:59:01] [INFO] ბექაპი დაიწყო - SanMedic (ტიპი: local)
[2026-01-28 00:59:01] [INFO] ბექაპი დაიწყო - SanMedic (ტიპი: local)
[2026-01-28 00:59:01] [INFO] ==========================================
[2026-01-28 00:59:01] [INFO] ==========================================
[2026-01-28 00:59:01] [INFO] მონაცემთა ბაზის ექსპორტი...
[2026-01-28 00:59:01] [INFO] მონაცემთა ბაზის ექსპორტი...
mysqldump: [Warning] Using a password on the command line interface can be insecure.
[2026-01-28 00:59:01] [SUCCESS] მონაცემთა ბაზა ექსპორტირებულია: 3.48 MB
[2026-01-28 00:59:01] [SUCCESS] მონაცემთა ბაზა ექსპორტირებულია: 3.48 MB
[2026-01-28 00:59:01] [INFO] კოდის არქივირება...
[2026-01-28 00:59:01] [INFO] კოდის არქივირება...
[2026-01-28 00:59:02] [SUCCESS] კოდი არქივირებულია: 26.70 MB
[2026-01-28 00:59:02] [SUCCESS] კოდი არქივირებულია: 26.70 MB
[2026-01-28 00:59:02] [INFO] Uploads არქივირება...
[2026-01-28 00:59:02] [INFO] Uploads არქივირება...
[2026-01-28 00:59:02] [WARN] Uploads დირექტორია არ არსებობს
[2026-01-28 00:59:02] [WARN] Uploads დირექტორია არ არსებობს
[2026-01-28 00:59:02] [INFO] Config არქივირება...
[2026-01-28 00:59:02] [INFO] Config არქივირება...
[2026-01-28 00:59:02] [SUCCESS] Config არქივირებულია
[2026-01-28 00:59:02] [SUCCESS] Config არქივირებულია
[2026-01-28 00:59:02] [INFO] საბოლოო არქივის შექმნა: sanmedic_full_backup_2026-01-28.zip
[2026-01-28 00:59:02] [INFO] საბოლოო არქივის შექმნა: sanmedic_full_backup_2026-01-28.zip
[2026-01-28 00:59:02] [SUCCESS] ბექაპი შეიქმნა: sanmedic_full_backup_2026-01-28.zip (27.07 MB)
[2026-01-28 00:59:02] [SUCCESS] ბექაპი შეიქმნა: sanmedic_full_backup_2026-01-28.zip (27.07 MB)
[2026-01-28 00:59:02] [INFO] დროებითი ფაილები წაიშალა
[2026-01-28 00:59:02] [INFO] დროებითი ფაილები წაიშალა
[2026-01-28 00:59:02] [INFO] ძველი ბექაპების წაშლა...
[2026-01-28 00:59:02] [INFO] ძველი ბექაპების წაშლა...
[2026-01-28 00:59:02] [INFO] ==========================================
[2026-01-28 00:59:02] [INFO] ==========================================
[2026-01-28 00:59:02] [SUCCESS] ბექაპი დასრულდა წარმატებით!
[2026-01-28 00:59:02] [SUCCESS] ბექაპი დასრულდა წარმატებით!
[2026-01-28 00:59:02] [INFO] ==========================================
[2026-01-28 00:59:02] [INFO] ==========================================
sanmedic_full_backup_2026-01-28.zip
[2026-01-28 00:59:36] [INFO] ==========================================
[2026-01-28 00:59:36] [INFO] ბექაპი დაიწყო - SanMedic (ტიპი: local)
[2026-01-28 00:59:36] [INFO] ==========================================
[2026-01-28 00:59:36] [INFO] მონაცემთა ბაზის ექსპორტი...
mysqldump: [Warning] Using a password on the command line interface can be insecure.
[2026-01-28 00:59:37] [SUCCESS] მონაცემთა ბაზა ექსპორტირებულია: 3.48 MB
[2026-01-28 00:59:37] [INFO] კოდის არქივირება...
[2026-01-28 00:59:38] [SUCCESS] კოდი არქივირებულია: 26.70 MB
[2026-01-28 00:59:38] [INFO] Uploads არქივირება...
[2026-01-28 00:59:38] [WARN] Uploads დირექტორია არ არსებობს
[2026-01-28 00:59:38] [INFO] Config არქივირება...
[2026-01-28 00:59:38] [SUCCESS] Config არქივირებულია
[2026-01-28 00:59:38] [INFO] საბოლოო არქივის შექმნა: sanmedic_full_backup_2026-01-28.zip
[2026-01-28 00:59:38] [SUCCESS] ბექაპი შეიქმნა: sanmedic_full_backup_2026-01-28.zip (27.07 MB)
[2026-01-28 00:59:38] [INFO] დროებითი ფაილები წაიშალა
[2026-01-28 00:59:38] [INFO] ძველი ბექაპების წაშლა...
[2026-01-28 00:59:38] [INFO] ==========================================
[2026-01-28 00:59:38] [SUCCESS] ბექაპი დასრულდა წარმატებით!
[2026-01-28 00:59:38] [INFO] ==========================================
[2026-01-28 01:01:01] [INFO] ==========================================
[2026-01-28 01:01:01] [INFO] ==========================================
[2026-01-28 01:01:01] [INFO] ბექაპი დაიწყო - SanMedic (ტიპი: both)
[2026-01-28 01:01:01] [INFO] ბექაპი დაიწყო - SanMedic (ტიპი: both)
[2026-01-28 01:01:01] [INFO] ==========================================
[2026-01-28 01:01:01] [INFO] ==========================================
[2026-01-28 01:01:01] [INFO] მონაცემთა ბაზის ექსპორტი...
[2026-01-28 01:01:01] [INFO] მონაცემთა ბაზის ექსპორტი...
mysqldump: [Warning] Using a password on the command line interface can be insecure.
[2026-01-28 01:01:02] [SUCCESS] მონაცემთა ბაზა ექსპორტირებულია: 3.48 MB
[2026-01-28 01:01:02] [SUCCESS] მონაცემთა ბაზა ექსპორტირებულია: 3.48 MB
[2026-01-28 01:01:02] [INFO] კოდის არქივირება...
[2026-01-28 01:01:02] [INFO] კოდის არქივირება...
[2026-01-28 01:01:02] [SUCCESS] კოდი არქივირებულია: 26.70 MB
[2026-01-28 01:01:02] [SUCCESS] კოდი არქივირებულია: 26.70 MB
[2026-01-28 01:01:02] [INFO] Uploads არქივირება...
[2026-01-28 01:01:02] [INFO] Uploads არქივირება...
[2026-01-28 01:01:02] [WARN] Uploads დირექტორია არ არსებობს
[2026-01-28 01:01:02] [WARN] Uploads დირექტორია არ არსებობს
[2026-01-28 01:01:02] [INFO] Config არქივირება...
[2026-01-28 01:01:02] [INFO] Config არქივირება...
[2026-01-28 01:01:02] [SUCCESS] Config არქივირებულია
[2026-01-28 01:01:02] [SUCCESS] Config არქივირებულია
[2026-01-28 01:01:02] [INFO] საბოლოო არქივის შექმნა: sanmedic_full_backup_2026-01-28.zip
[2026-01-28 01:01:02] [INFO] საბოლოო არქივის შექმნა: sanmedic_full_backup_2026-01-28.zip
[2026-01-28 01:01:03] [SUCCESS] ბექაპი შეიქმნა: sanmedic_full_backup_2026-01-28.zip (27.07 MB)
[2026-01-28 01:01:03] [SUCCESS] ბექაპი შეიქმნა: sanmedic_full_backup_2026-01-28.zip (27.07 MB)
[2026-01-28 01:01:03] [INFO] S3-ზე ატვირთვა...
[2026-01-28 01:01:03] [INFO] S3-ზე ატვირთვა...
[2026-01-28 01:01:04] [SUCCESS] ბექაპი აიტვირთა S3-ზე!
[2026-01-28 01:01:04] [SUCCESS] ბექაპი აიტვირთა S3-ზე!
[2026-01-28 01:01:04] [INFO] დროებითი ფაილები წაიშალა
[2026-01-28 01:01:04] [INFO] დროებითი ფაილები წაიშალა
[2026-01-28 01:01:04] [INFO] ძველი ბექაპების წაშლა...
[2026-01-28 01:01:04] [INFO] ძველი ბექაპების წაშლა...
[2026-01-28 01:01:04] [INFO] ==========================================
[2026-01-28 01:01:04] [INFO] ==========================================
[2026-01-28 01:01:04] [SUCCESS] ბექაპი დასრულდა წარმატებით!
[2026-01-28 01:01:04] [SUCCESS] ბექაპი დასრულდა წარმატებით!
[2026-01-28 01:01:04] [INFO] ==========================================
[2026-01-28 01:01:04] [INFO] ==========================================
sanmedic_full_backup_2026-01-28.zip
[2026-01-28 01:01:58] [INFO] ==========================================
[2026-01-28 01:01:58] [INFO] ==========================================
[2026-01-28 01:01:58] [INFO] ბექაპი დაიწყო - SanMedic (ტიპი: local)
[2026-01-28 01:01:58] [INFO] ბექაპი დაიწყო - SanMedic (ტიპი: local)
[2026-01-28 01:01:58] [INFO] ==========================================
[2026-01-28 01:01:58] [INFO] ==========================================
[2026-01-28 01:01:58] [INFO] მონაცემთა ბაზის ექსპორტი...
[2026-01-28 01:01:58] [INFO] მონაცემთა ბაზის ექსპორტი...
mysqldump: [Warning] Using a password on the command line interface can be insecure.
[2026-01-28 01:01:58] [SUCCESS] მონაცემთა ბაზა ექსპორტირებულია: 3.48 MB
[2026-01-28 01:01:58] [SUCCESS] მონაცემთა ბაზა ექსპორტირებულია: 3.48 MB
[2026-01-28 01:01:58] [INFO] კოდის არქივირება...
[2026-01-28 01:01:58] [INFO] კოდის არქივირება...
[2026-01-28 01:01:59] [SUCCESS] კოდი არქივირებულია: 26.70 MB
[2026-01-28 01:01:59] [SUCCESS] კოდი არქივირებულია: 26.70 MB
[2026-01-28 01:01:59] [INFO] Uploads არქივირება...
[2026-01-28 01:01:59] [INFO] Uploads არქივირება...
[2026-01-28 01:01:59] [WARN] Uploads დირექტორია არ არსებობს
[2026-01-28 01:01:59] [WARN] Uploads დირექტორია არ არსებობს
[2026-01-28 01:01:59] [INFO] Config არქივირება...
[2026-01-28 01:01:59] [INFO] Config არქივირება...
[2026-01-28 01:01:59] [SUCCESS] Config არქივირებულია
[2026-01-28 01:01:59] [SUCCESS] Config არქივირებულია
[2026-01-28 01:01:59] [INFO] საბოლოო არქივის შექმნა: sanmedic_full_backup_2026-01-28.zip
[2026-01-28 01:01:59] [INFO] საბოლოო არქივის შექმნა: sanmedic_full_backup_2026-01-28.zip
[2026-01-28 01:01:59] [SUCCESS] ბექაპი შეიქმნა: sanmedic_full_backup_2026-01-28.zip (27.07 MB)
[2026-01-28 01:01:59] [SUCCESS] ბექაპი შეიქმნა: sanmedic_full_backup_2026-01-28.zip (27.07 MB)
[2026-01-28 01:01:59] [INFO] დროებითი ფაილები წაიშალა
[2026-01-28 01:01:59] [INFO] დროებითი ფაილები წაიშალა
[2026-01-28 01:01:59] [INFO] ძველი ბექაპების წაშლა...
[2026-01-28 01:01:59] [INFO] ძველი ბექაპების წაშლა...
[2026-01-28 01:01:59] [INFO] ==========================================
[2026-01-28 01:01:59] [INFO] ==========================================
[2026-01-28 01:01:59] [SUCCESS] ბექაპი დასრულდა წარმატებით!
[2026-01-28 01:01:59] [SUCCESS] ბექაპი დასრულდა წარმატებით!
[2026-01-28 01:01:59] [INFO] ==========================================
[2026-01-28 01:01:59] [INFO] ==========================================
sanmedic_full_backup_2026-01-28.zip
[2026-01-28 01:05:01] [INFO] ==========================================
[2026-01-28 01:05:01] [INFO] ==========================================
[2026-01-28 01:05:01] [INFO] ბექაპი დაიწყო - SanMedic (ტიპი: local)
[2026-01-28 01:05:01] [INFO] ბექაპი დაიწყო - SanMedic (ტიპი: local)
[2026-01-28 01:05:01] [INFO] ==========================================
[2026-01-28 01:05:01] [INFO] ==========================================
[2026-01-28 01:05:01] [INFO] მონაცემთა ბაზის ექსპორტი...
[2026-01-28 01:05:01] [INFO] მონაცემთა ბაზის ექსპორტი...
mysqldump: [Warning] Using a password on the command line interface can be insecure.
[2026-01-28 01:05:02] [SUCCESS] მონაცემთა ბაზა ექსპორტირებულია: 3.48 MB
[2026-01-28 01:05:02] [SUCCESS] მონაცემთა ბაზა ექსპორტირებულია: 3.48 MB
[2026-01-28 01:05:02] [INFO] კოდის არქივირება...
[2026-01-28 01:05:02] [INFO] კოდის არქივირება...
[2026-01-28 01:05:02] [SUCCESS] კოდი არქივირებულია: 26.70 MB
[2026-01-28 01:05:02] [SUCCESS] კოდი არქივირებულია: 26.70 MB
[2026-01-28 01:05:02] [INFO] Uploads არქივირება...
[2026-01-28 01:05:02] [INFO] Uploads არქივირება...
[2026-01-28 01:05:02] [WARN] Uploads დირექტორია არ არსებობს
[2026-01-28 01:05:02] [WARN] Uploads დირექტორია არ არსებობს
[2026-01-28 01:05:02] [INFO] Config არქივირება...
[2026-01-28 01:05:02] [INFO] Config არქივირება...
[2026-01-28 01:05:02] [SUCCESS] Config არქივირებულია
[2026-01-28 01:05:02] [SUCCESS] Config არქივირებულია
[2026-01-28 01:05:02] [INFO] საბოლოო არქივის შექმნა: sanmedic_full_backup_2026-01-28.zip
[2026-01-28 01:05:02] [INFO] საბოლოო არქივის შექმნა: sanmedic_full_backup_2026-01-28.zip
[2026-01-28 01:05:03] [SUCCESS] ბექაპი შეიქმნა: sanmedic_full_backup_2026-01-28.zip (27.07 MB)
[2026-01-28 01:05:03] [SUCCESS] ბექაპი შეიქმნა: sanmedic_full_backup_2026-01-28.zip (27.07 MB)
[2026-01-28 01:05:03] [INFO] დროებითი ფაილები წაიშალა
[2026-01-28 01:05:03] [INFO] დროებითი ფაილები წაიშალა
[2026-01-28 01:05:03] [INFO] ძველი ბექაპების წაშლა...
[2026-01-28 01:05:03] [INFO] ძველი ბექაპების წაშლა...
[2026-01-28 01:05:03] [INFO] ==========================================
[2026-01-28 01:05:03] [INFO] ==========================================
[2026-01-28 01:05:03] [SUCCESS] ბექაპი დასრულდა წარმატებით!
[2026-01-28 01:05:03] [SUCCESS] ბექაპი დასრულდა წარმატებით!
[2026-01-28 01:05:03] [INFO] ==========================================
[2026-01-28 01:05:03] [INFO] ==========================================
sanmedic_full_backup_2026-01-28.zip
[2026-01-28 01:07:01] [INFO] ==========================================
[2026-01-28 01:07:01] [INFO] ==========================================
[2026-01-28 01:07:01] [INFO] ბექაპი დაიწყო - SanMedic (ტიპი: local)
[2026-01-28 01:07:01] [INFO] ბექაპი დაიწყო - SanMedic (ტიპი: local)
[2026-01-28 01:07:01] [INFO] ==========================================
[2026-01-28 01:07:01] [INFO] ==========================================
[2026-01-28 01:07:01] [INFO] მონაცემთა ბაზის ექსპორტი...
[2026-01-28 01:07:01] [INFO] მონაცემთა ბაზის ექსპორტი...
mysqldump: [Warning] Using a password on the command line interface can be insecure.
[2026-01-28 01:07:01] [SUCCESS] მონაცემთა ბაზა ექსპორტირებულია: 3.48 MB
[2026-01-28 01:07:01] [SUCCESS] მონაცემთა ბაზა ექსპორტირებულია: 3.48 MB
[2026-01-28 01:07:01] [INFO] კოდის არქივირება...
[2026-01-28 01:07:01] [INFO] კოდის არქივირება...
[2026-01-28 01:07:02] [SUCCESS] კოდი არქივირებულია: 26.70 MB
[2026-01-28 01:07:02] [SUCCESS] კოდი არქივირებულია: 26.70 MB
[2026-01-28 01:07:02] [INFO] Uploads არქივირება...
[2026-01-28 01:07:02] [INFO] Uploads არქივირება...
[2026-01-28 01:07:02] [WARN] Uploads დირექტორია არ არსებობს
[2026-01-28 01:07:02] [WARN] Uploads დირექტორია არ არსებობს
[2026-01-28 01:07:02] [INFO] Config არქივირება...
[2026-01-28 01:07:02] [INFO] Config არქივირება...
[2026-01-28 01:07:02] [SUCCESS] Config არქივირებულია
[2026-01-28 01:07:02] [SUCCESS] Config არქივირებულია
[2026-01-28 01:07:02] [INFO] საბოლოო არქივის შექმნა: sanmedic_full_backup_2026-01-28_01-07-02.zip
[2026-01-28 01:07:02] [INFO] საბოლოო არქივის შექმნა: sanmedic_full_backup_2026-01-28_01-07-02.zip
[2026-01-28 01:07:03] [SUCCESS] ბექაპი შეიქმნა: sanmedic_full_backup_2026-01-28_01-07-02.zip (27.07 MB)
[2026-01-28 01:07:03] [SUCCESS] ბექაპი შეიქმნა: sanmedic_full_backup_2026-01-28_01-07-02.zip (27.07 MB)
[2026-01-28 01:07:03] [INFO] დროებითი ფაილები წაიშალა
[2026-01-28 01:07:03] [INFO] დროებითი ფაილები წაიშალა
[2026-01-28 01:07:03] [INFO] ძველი ბექაპების წაშლა...
[2026-01-28 01:07:03] [INFO] ძველი ბექაპების წაშლა...
[2026-01-28 01:07:03] [INFO] ==========================================
[2026-01-28 01:07:03] [INFO] ==========================================
[2026-01-28 01:07:03] [SUCCESS] ბექაპი დასრულდა წარმატებით!
[2026-01-28 01:07:03] [SUCCESS] ბექაპი დასრულდა წარმატებით!
[2026-01-28 01:07:03] [INFO] ==========================================
[2026-01-28 01:07:03] [INFO] ==========================================
sanmedic_full_backup_2026-01-28_01-07-02.zip
[2026-01-28 01:09:01] [INFO] ==========================================
[2026-01-28 01:09:01] [INFO] ==========================================
[2026-01-28 01:09:01] [INFO] ბექაპი დაიწყო - SanMedic (ტიპი: both)
[2026-01-28 01:09:01] [INFO] ბექაპი დაიწყო - SanMedic (ტიპი: both)
[2026-01-28 01:09:01] [INFO] ==========================================
[2026-01-28 01:09:01] [INFO] ==========================================
[2026-01-28 01:09:01] [INFO] მონაცემთა ბაზის ექსპორტი...
[2026-01-28 01:09:01] [INFO] მონაცემთა ბაზის ექსპორტი...
mysqldump: [Warning] Using a password on the command line interface can be insecure.
[2026-01-28 01:09:01] [SUCCESS] მონაცემთა ბაზა ექსპორტირებულია: 3.48 MB
[2026-01-28 01:09:01] [SUCCESS] მონაცემთა ბაზა ექსპორტირებულია: 3.48 MB
[2026-01-28 01:09:01] [INFO] კოდის არქივირება...
[2026-01-28 01:09:01] [INFO] კოდის არქივირება...
[2026-01-28 01:09:02] [SUCCESS] კოდი არქივირებულია: 26.70 MB
[2026-01-28 01:09:02] [SUCCESS] კოდი არქივირებულია: 26.70 MB
[2026-01-28 01:09:02] [INFO] Uploads არქივირება...
[2026-01-28 01:09:02] [INFO] Uploads არქივირება...
[2026-01-28 01:09:02] [WARN] Uploads დირექტორია არ არსებობს
[2026-01-28 01:09:02] [WARN] Uploads დირექტორია არ არსებობს
[2026-01-28 01:09:02] [INFO] Config არქივირება...
[2026-01-28 01:09:02] [INFO] Config არქივირება...
[2026-01-28 01:09:02] [SUCCESS] Config არქივირებულია
[2026-01-28 01:09:02] [SUCCESS] Config არქივირებულია
[2026-01-28 01:09:02] [INFO] საბოლოო არქივის შექმნა: sanmedic_full_backup_2026-01-28_01-09-02.zip
[2026-01-28 01:09:02] [INFO] საბოლოო არქივის შექმნა: sanmedic_full_backup_2026-01-28_01-09-02.zip
[2026-01-28 01:09:02] [SUCCESS] ბექაპი შეიქმნა: sanmedic_full_backup_2026-01-28_01-09-02.zip (27.07 MB)
[2026-01-28 01:09:02] [SUCCESS] ბექაპი შეიქმნა: sanmedic_full_backup_2026-01-28_01-09-02.zip (27.07 MB)
[2026-01-28 01:09:02] [INFO] S3-ზე ატვირთვა...
[2026-01-28 01:09:02] [INFO] S3-ზე ატვირთვა...
[2026-01-28 01:09:03] [SUCCESS] ბექაპი აიტვირთა S3-ზე!
[2026-01-28 01:09:03] [SUCCESS] ბექაპი აიტვირთა S3-ზე!
[2026-01-28 01:09:04] [INFO] დროებითი ფაილები წაიშალა
[2026-01-28 01:09:04] [INFO] დროებითი ფაილები წაიშალა
[2026-01-28 01:09:04] [INFO] ძველი ბექაპების წაშლა...
[2026-01-28 01:09:04] [INFO] ძველი ბექაპების წაშლა...
[2026-01-28 01:09:04] [INFO] ==========================================
[2026-01-28 01:09:04] [INFO] ==========================================
[2026-01-28 01:09:04] [SUCCESS] ბექაპი დასრულდა წარმატებით!
[2026-01-28 01:09:04] [SUCCESS] ბექაპი დასრულდა წარმატებით!
[2026-01-28 01:09:04] [INFO] ==========================================
[2026-01-28 01:09:04] [INFO] ==========================================
sanmedic_full_backup_2026-01-28_01-09-02.zip
[2026-01-28 01:12:24] [INFO] ==========================================
[2026-01-28 01:12:24] [INFO] ბექაპი დაიწყო - SanMedic (ტიპი: local)
[2026-01-28 01:12:24] [INFO] ==========================================
[2026-01-28 01:12:24] [INFO] მონაცემთა ბაზის ექსპორტი...
mysqldump: [Warning] Using a password on the command line interface can be insecure.
[2026-01-28 01:12:24] [SUCCESS] მონაცემთა ბაზა ექსპორტირებულია: 3.48 MB
[2026-01-28 01:12:24] [INFO] კოდის არქივირება...
[2026-01-28 01:12:25] [SUCCESS] კოდი არქივირებულია: 26.70 MB
[2026-01-28 01:12:25] [INFO] Uploads არქივირება...
[2026-01-28 01:12:25] [WARN] Uploads დირექტორია არ არსებობს
[2026-01-28 01:12:25] [INFO] Config არქივირება...
[2026-01-28 01:12:25] [SUCCESS] Config არქივირებულია
[2026-01-28 01:12:25] [INFO] საბოლოო არქივის შექმნა: sanmedic_full_backup_2026-01-28_01-12-25.zip
[2026-01-28 01:12:25] [SUCCESS] ბექაპი შეიქმნა: sanmedic_full_backup_2026-01-28_01-12-25.zip (27.07 MB)
[2026-01-28 01:12:25] [INFO] დროებითი ფაილები წაიშალა
[2026-01-28 01:12:25] [INFO] ძველი ბექაპების წაშლა...
[2026-01-28 01:12:25] [INFO] ==========================================
[2026-01-28 01:12:25] [SUCCESS] ბექაპი დასრულდა წარმატებით!
[2026-01-28 01:12:25] [INFO] ==========================================
[2026-01-28 01:21:01] [INFO] ==========================================
[2026-01-28 01:21:01] [INFO] ბექაპი დაიწყო - SanMedic (ტიპი: local)
[2026-01-28 01:21:01] [INFO] ==========================================
[2026-01-28 01:21:01] [INFO] მონაცემთა ბაზის ექსპორტი...
mysqldump: [Warning] Using a password on the command line interface can be insecure.
[2026-01-28 01:21:01] [SUCCESS] მონაცემთა ბაზა ექსპორტირებულია: 3.48 MB
[2026-01-28 01:21:01] [INFO] კოდის არქივირება...
[2026-01-28 01:21:02] [SUCCESS] კოდი არქივირებულია: 26.70 MB
[2026-01-28 01:21:02] [INFO] Uploads არქივირება...
[2026-01-28 01:21:02] [WARN] Uploads დირექტორია არ არსებობს
[2026-01-28 01:21:02] [INFO] Config არქივირება...
[2026-01-28 01:21:02] [SUCCESS] Config არქივირებულია
[2026-01-28 01:21:02] [INFO] საბოლოო არქივის შექმნა: sanmedic_full_backup_2026-01-28_01-21-02.zip
[2026-01-28 01:21:02] [SUCCESS] ბექაპი შეიქმნა: sanmedic_full_backup_2026-01-28_01-21-02.zip (27.07 MB)
[2026-01-28 01:21:02] [INFO] დროებითი ფაილები წაიშალა
[2026-01-28 01:21:02] [INFO] ძველი ბექაპების წაშლა...
[2026-01-28 01:21:02] [INFO] ==========================================
[2026-01-28 01:21:02] [SUCCESS] ბექაპი დასრულდა წარმატებით!
[2026-01-28 01:21:02] [INFO] ==========================================
[2026-01-28 01:21:31] [INFO] ==========================================
[2026-01-28 01:21:31] [INFO] ბექაპი დაიწყო - SanMedic (ტიპი: local)
[2026-01-28 01:21:31] [INFO] ==========================================
[2026-01-28 01:21:31] [INFO] მონაცემთა ბაზის ექსპორტი...
mysqldump: [Warning] Using a password on the command line interface can be insecure.
[2026-01-28 01:21:31] [SUCCESS] მონაცემთა ბაზა ექსპორტირებულია: 3.48 MB
[2026-01-28 01:21:31] [INFO] კოდის არქივირება...
[2026-01-28 01:21:32] [SUCCESS] კოდი არქივირებულია: 26.70 MB
[2026-01-28 01:21:32] [INFO] Uploads არქივირება...
[2026-01-28 01:21:32] [WARN] Uploads დირექტორია არ არსებობს
[2026-01-28 01:21:32] [INFO] Config არქივირება...
[2026-01-28 01:21:32] [SUCCESS] Config არქივირებულია
[2026-01-28 01:21:32] [INFO] საბოლოო არქივის შექმნა: sanmedic_full_backup_2026-01-28_01-21-32.zip
[2026-01-28 01:21:33] [SUCCESS] ბექაპი შეიქმნა: sanmedic_full_backup_2026-01-28_01-21-32.zip (27.07 MB)
[2026-01-28 01:21:33] [INFO] დროებითი ფაილები წაიშალა
[2026-01-28 01:21:33] [INFO] ძველი ბექაპების წაშლა...
[2026-01-28 01:21:33] [INFO] ==========================================
[2026-01-28 01:21:33] [SUCCESS] ბექაპი დასრულდა წარმატებით!
[2026-01-28 01:21:33] [INFO] ==========================================
[2026-01-28 01:22:12] [INFO] ==========================================
[2026-01-28 01:22:12] [INFO] ბექაპი დაიწყო - SanMedic (ტიპი: local)
[2026-01-28 01:22:12] [INFO] ==========================================
[2026-01-28 01:22:12] [INFO] მონაცემთა ბაზის ექსპორტი...
mysqldump: [Warning] Using a password on the command line interface can be insecure.
[2026-01-28 01:22:12] [SUCCESS] მონაცემთა ბაზა ექსპორტირებულია: 3.48 MB
[2026-01-28 01:22:12] [INFO] კოდის არქივირება...
[2026-01-28 01:22:13] [SUCCESS] კოდი არქივირებულია: 26.70 MB
[2026-01-28 01:22:13] [INFO] Uploads არქივირება...
[2026-01-28 01:22:13] [WARN] Uploads დირექტორია არ არსებობს
[2026-01-28 01:22:13] [INFO] Config არქივირება...
[2026-01-28 01:22:13] [SUCCESS] Config არქივირებულია
[2026-01-28 01:22:13] [INFO] საბოლოო არქივის შექმნა: sanmedic_full_backup_2026-01-28_01-22-13.zip
[2026-01-28 01:22:14] [SUCCESS] ბექაპი შეიქმნა: sanmedic_full_backup_2026-01-28_01-22-13.zip (27.07 MB)
[2026-01-28 01:22:14] [INFO] დროებითი ფაილები წაიშალა
[2026-01-28 01:22:14] [INFO] ძველი ბექაპების წაშლა...
[2026-01-28 01:22:14] [INFO] ==========================================
[2026-01-28 01:22:14] [SUCCESS] ბექაპი დასრულდა წარმატებით!
[2026-01-28 01:22:14] [INFO] ==========================================
[2026-01-28 01:22:31] [INFO] ==========================================
[2026-01-28 01:22:31] [INFO] ბექაპი დაიწყო - SanMedic (ტიპი: local)
[2026-01-28 01:22:31] [INFO] ==========================================
[2026-01-28 01:22:31] [INFO] მონაცემთა ბაზის ექსპორტი...
mysqldump: [Warning] Using a password on the command line interface can be insecure.
[2026-01-28 01:22:31] [SUCCESS] მონაცემთა ბაზა ექსპორტირებულია: 3.48 MB
[2026-01-28 01:22:31] [INFO] კოდის არქივირება...
[2026-01-28 01:22:32] [SUCCESS] კოდი არქივირებულია: 26.70 MB
[2026-01-28 01:22:32] [INFO] Uploads არქივირება...
[2026-01-28 01:22:32] [WARN] Uploads დირექტორია არ არსებობს
[2026-01-28 01:22:32] [INFO] Config არქივირება...
[2026-01-28 01:22:32] [SUCCESS] Config არქივირებულია
[2026-01-28 01:22:32] [INFO] საბოლოო არქივის შექმნა: sanmedic_full_backup_2026-01-28_01-22-32.zip
[2026-01-28 01:22:32] [SUCCESS] ბექაპი შეიქმნა: sanmedic_full_backup_2026-01-28_01-22-32.zip (27.07 MB)
[2026-01-28 01:22:32] [INFO] დროებითი ფაილები წაიშალა
[2026-01-28 01:22:32] [INFO] ძველი ბექაპების წაშლა...
[2026-01-28 01:22:32] [INFO] ==========================================
[2026-01-28 01:22:32] [SUCCESS] ბექაპი დასრულდა წარმატებით!
[2026-01-28 01:22:32] [INFO] ==========================================
[2026-01-28 01:23:58] [INFO] ==========================================
[2026-01-28 01:23:58] [INFO] ბექაპი დაიწყო - SanMedic (ტიპი: both)
[2026-01-28 01:23:58] [INFO] ==========================================
[2026-01-28 01:23:58] [INFO] მონაცემთა ბაზის ექსპორტი...
mysqldump: [Warning] Using a password on the command line interface can be insecure.
[2026-01-28 01:23:58] [SUCCESS] მონაცემთა ბაზა ექსპორტირებულია: 3.48 MB
[2026-01-28 01:23:58] [INFO] კოდის არქივირება...
[2026-01-28 01:23:59] [SUCCESS] კოდი არქივირებულია: 26.70 MB
[2026-01-28 01:23:59] [INFO] Uploads არქივირება...
[2026-01-28 01:23:59] [WARN] Uploads დირექტორია არ არსებობს
[2026-01-28 01:23:59] [INFO] Config არქივირება...
[2026-01-28 01:23:59] [SUCCESS] Config არქივირებულია
[2026-01-28 01:23:59] [INFO] საბოლოო არქივის შექმნა: sanmedic_full_backup_2026-01-28_01-23-59.zip
[2026-01-28 01:24:00] [SUCCESS] ბექაპი შეიქმნა: sanmedic_full_backup_2026-01-28_01-23-59.zip (27.07 MB)
[2026-01-28 01:24:00] [INFO] S3-ზე ატვირთვა...
[2026-01-28 01:24:01] [SUCCESS] ბექაპი აიტვირთა S3-ზე!
[2026-01-28 01:24:01] [INFO] დროებითი ფაილები წაიშალა
[2026-01-28 01:24:01] [INFO] ძველი ბექაპების წაშლა...
[2026-01-28 01:24:01] [INFO] ==========================================
[2026-01-28 01:24:01] [SUCCESS] ბექაპი დასრულდა წარმატებით!
[2026-01-28 01:24:01] [INFO] ==========================================
[2026-01-28 01:30:16] [INFO] ==========================================
[2026-01-28 01:30:16] [INFO] ბექაპი დაიწყო - SanMedic (ტიპი: both)
[2026-01-28 01:30:16] [INFO] ==========================================
[2026-01-28 01:30:17] [INFO] მონაცემთა ბაზის ექსპორტი...
mysqldump: [Warning] Using a password on the command line interface can be insecure.
[2026-01-28 01:30:17] [SUCCESS] მონაცემთა ბაზა ექსპორტირებულია: 3.48 MB
[2026-01-28 01:30:17] [INFO] კოდის არქივირება...
[2026-01-28 01:30:17] [SUCCESS] კოდი არქივირებულია: 26.70 MB
[2026-01-28 01:30:17] [INFO] Uploads არქივირება...
[2026-01-28 01:30:18] [WARN] Uploads დირექტორია არ არსებობს
[2026-01-28 01:30:18] [INFO] Config არქივირება...
[2026-01-28 01:30:18] [SUCCESS] Config არქივირებულია
[2026-01-28 01:30:18] [INFO] საბოლოო არქივის შექმნა: sanmedic_full_backup_2026-01-28_01-30-18.zip
[2026-01-28 01:30:18] [SUCCESS] ბექაპი შეიქმნა: sanmedic_full_backup_2026-01-28_01-30-18.zip (27.07 MB)
[2026-01-28 01:30:18] [INFO] S3-ზე ატვირთვა...
[2026-01-28 01:30:19] [SUCCESS] ბექაპი აიტვირთა S3-ზე!
[2026-01-28 01:30:19] [INFO] დროებითი ფაილები წაიშალა
[2026-01-28 01:30:19] [INFO] ძველი ბექაპების წაშლა...
[2026-01-28 01:30:19] [INFO] ==========================================
[2026-01-28 01:30:19] [SUCCESS] ბექაპი დასრულდა წარმატებით!
[2026-01-28 01:30:19] [INFO] ==========================================
