[2026-03-09 00:00:01] [INFO] ==========================================
[2026-03-09 00:00:01] [INFO] ბექაპი დაიწყო - SanMedic (ტიპი: both)
[2026-03-09 00:00:01] [INFO] ==========================================
[2026-03-09 00:00:01] [INFO] მონაცემთა ბაზის ექსპორტი...
mysqldump: [Warning] Using a password on the command line interface can be insecure.
[2026-03-09 00:00:01] [SUCCESS] მონაცემთა ბაზა ექსპორტირებულია: 3.82 MB
[2026-03-09 00:00:01] [INFO] კოდის არქივირება...
[2026-03-09 00:00:02] [SUCCESS] კოდი არქივირებულია: 27.04 MB
[2026-03-09 00:00:02] [INFO] Uploads არქივირება...
[2026-03-09 00:00:02] [WARN] Uploads დირექტორია არ არსებობს
[2026-03-09 00:00:02] [INFO] Config არქივირება...
[2026-03-09 00:00:02] [SUCCESS] Config არქივირებულია
[2026-03-09 00:00:02] [INFO] საბოლოო არქივის შექმნა: sanmedic_full_backup_2026-03-09_00-00-02.zip
[2026-03-09 00:00:03] [SUCCESS] ბექაპი შეიქმნა: sanmedic_full_backup_2026-03-09_00-00-02.zip (27.46 MB)
[2026-03-09 00:00:03] [INFO] S3-ზე ატვირთვა...
[2026-03-09 00:00:04] [SUCCESS] ბექაპი აიტვირთა S3-ზე!
[2026-03-09 00:00:04] [INFO] დროებითი ფაილები წაიშალა
[2026-03-09 00:00:04] [INFO] ძველი ბექაპების წაშლა...
[2026-03-09 00:00:04] [INFO] ==========================================
[2026-03-09 00:00:04] [SUCCESS] ბექაპი დასრულდა წარმატებით!
[2026-03-09 00:00:04] [INFO] ==========================================
